[debug] [2020-01-24T12:29:20.875Z] ----------------------------------------------------------------------
[debug] [2020-01-24T12:29:20.878Z] Command:       C:\Program Files\nodejs\node.exe C:\Users\OverWatch\AppData\Roaming\npm\node_modules\firebase-tools\lib\bin\firebase.js deploy
[debug] [2020-01-24T12:29:20.878Z] CLI Version:   7.3.2
[debug] [2020-01-24T12:29:20.878Z] Platform:      win32
[debug] [2020-01-24T12:29:20.878Z] Node Version:  v10.16.0
[debug] [2020-01-24T12:29:20.882Z] Time:          Fri Jan 24 2020 15:59:20 GMT+0330 (Iran Standard Time)
[debug] [2020-01-24T12:29:20.882Z] ----------------------------------------------------------------------
[debug] 
[debug] [2020-01-24T12:29:20.891Z] > command requires scopes: ["email","openid","https://www.googleapis.com/auth/cloudplatformprojects.readonly","https://www.googleapis.com/auth/firebase","https://www.googleapis.com/auth/cloud-platform"]
[debug] [2020-01-24T12:29:20.892Z] > authorizing via signed-in user
[debug] [2020-01-24T12:29:20.892Z] [iam] checking project chatapp-f99a5 for permissions ["firebase.projects.get","firebasehosting.sites.update"]
[debug] [2020-01-24T12:29:20.894Z] >>> HTTP REQUEST POST https://cloudresourcemanager.googleapis.com/v1/projects/chatapp-f99a5:testIamPermissions  

[debug] [2020-01-24T12:29:21.722Z] <<< HTTP RESPONSE 200
[debug] [2020-01-24T12:29:21.726Z] >>> HTTP REQUEST GET https://firebase.googleapis.com/v1beta1/projects/chatapp-f99a5  
 
[debug] [2020-01-24T12:29:22.406Z] <<< HTTP RESPONSE 200
[info] 
[info] === Deploying to 'chatapp-f99a5'...
[info] 
[info] i  deploying hosting
[debug] [2020-01-24T12:29:22.422Z] >>> HTTP REQUEST POST https://firebasehosting.googleapis.com/v1beta1/sites/chatapp-f99a5/versions  

